0. Deploy address provider registry
*** LendingPoolAddressesProviderRegistry ***

Network: alfajores
tx: 0x6f5fdc83003480aa12f0eee48fb73c0b3b86d31369431544dc5dda143724aedc
contract address: 0x794b3E3894c9b7f78Eb4841c2F410E072DC545b6
deployer address: 0x007E71F8F069884d9dc3aa1f8d8E7fc112f37016
gas price: 510000000
gas used: 704744

******

Registry Address: 0x794b3E3894c9b7f78Eb4841c2F410E072DC545b6
1. Deploy address provider
Registry Address 0x794b3E3894c9b7f78Eb4841c2F410E072DC545b6
*** LendingPoolAddressesProvider ***

Network: alfajores
tx: 0x6e31f1b0ef1d6184947a10165ef7a28bf39c69a08fd8c4aea84bbc0a34e832aa
contract address: 0x8CC1E35A136f2CDBd3c913E413578ae5E3B69bDb
deployer address: 0x007E71F8F069884d9dc3aa1f8d8E7fc112f37016
gas price: 510000000
gas used: 2082917

******
Pool Admin 0x007E71F8F069884d9dc3aa1f8d8E7fc112f37016
Emergency Admin 0x68aCD084fb7ec162eaeC24548B35165b4cBE5813
2. Deploy lending pool
        Deploying new lending pool implementation & libraries...
*** ReserveLogic ***

Network: alfajores
tx: 0x1a856585403834dc628228588c3ee34594283c9abb65bbcb411335edf2e77900
contract address: 0xbC8026a23610445D61d30d25ED9a3Ef33e0d63Ae
deployer address: 0x007E71F8F069884d9dc3aa1f8d8E7fc112f37016
gas price: 510000000
gas used: 229599

******

*** GenericLogic ***

Network: alfajores
tx: 0xed32b53c62e7834b0ed22919b87de44600d6f6eb142be1a4761e5f9b60a42f5e
contract address: 0xB469281F1D011e73f65787A842E1f1b2F2E55397
deployer address: 0x007E71F8F069884d9dc3aa1f8d8E7fc112f37016
gas price: 510000000
gas used: 1107488

******

*** ValidationLogic ***

Network: alfajores
tx: 0xfcec0084186d75150388ab7150c869b87ffa74836398e14b756b71a621fd4d1c
contract address: 0x8BffD0036ab1B60f7b1D97412eA75EA6D28F869c
deployer address: 0x007E71F8F069884d9dc3aa1f8d8E7fc112f37016
gas price: 510000000
gas used: 2392011

******

*** LendingPool ***

Network: alfajores
tx: 0x21d468491f538404ea5b31425712d39d369a79e5e2806099c0cb34378bd6bd78
contract address: 0x71aB986e18AAbB82C57930Aa226Cc8d78B091B3E
deployer address: 0x007E71F8F069884d9dc3aa1f8d8E7fc112f37016
gas price: 510000000
gas used: 6235351

******

        Setting lending pool implementation with address: 0x71aB986e18AAbB82C57930Aa226Cc8d78B091B3E
        Deploying new configurator implementation...
*** LendingPoolConfigurator ***

Network: alfajores
tx: 0x29d24511e9dc38670c1761ba354c57aa472bbc01b54192406564174f5c3aaa89
contract address: 0x42a2194cB7CbD814cFf49DC216c25F9D2B4559a7
deployer address: 0x007E71F8F069884d9dc3aa1f8d8E7fc112f37016
gas price: 510000000
gas used: 4528322

******

        Setting lending pool configurator implementation with address: 0x42a2194cB7CbD814cFf49DC216c25F9D2B4559a7
*** StableAndVariableTokensHelper ***

Network: alfajores
tx: 0x4bef2ab2a6f29b2d36d04f6f16594140842caef6790546d7b1508f1725ccd8a3
contract address: 0xE6459F1963176aA863BFF2782b3aC0bC1e65D71E
deployer address: 0x007E71F8F069884d9dc3aa1f8d8E7fc112f37016
gas price: 510000000
gas used: 4804766

******

*** ATokensAndRatesHelper ***

Network: alfajores
tx: 0x7cdd9e30860ae94fa2170ec96911c808e6a678b85f461d93becf727caaa4dbee
contract address: 0xF371d5fDb18617e5144142965B676b5b0ccEe1F5
deployer address: 0x007E71F8F069884d9dc3aa1f8d8E7fc112f37016
gas price: 510000000
gas used: 4919844

******

3. Deploy oracles
*** LendingRateOracle ***

Network: alfajores
tx: 0xc86ac586a5ba965e92fa6bbce12b454b0bd607d01b837cfdc66ccbe7414b4ad8
contract address: 0xbC8391ACa23F54bFe35D6b787dd60295695Cf5aA
deployer address: 0x007E71F8F069884d9dc3aa1f8d8E7fc112f37016
gas price: 510000000
gas used: 446999

******

- Oracle borrow initalization in 1 txs
  - Setted Oracle Borrow Rates for: CELO, CUSD, CEUR, CREAL, MOO
ORACLES: 0x005df00133e6201F8ef4D9B620084AB725CD469c and 0xbC8391ACa23F54bFe35D6b787dd60295695Cf5aA
4. Deploy Data Provider
*** AaveProtocolDataProvider ***

Network: alfajores
tx: 0x38da1b1abe6eb39a4c5eb59492fda48221829cb735697dd7a3755ea8fe5a842c
contract address: 0x4848C6bF527d4a915c70c7aF7d1AFAd154c2Fbd2
deployer address: 0x007E71F8F069884d9dc3aa1f8d8E7fc112f37016
gas price: 510000000
gas used: 2022625

******

Skipping WethGateway
6. Initialize lending pool
*** StableDebtToken ***

Network: alfajores
tx: 0x491968dca93a206d56bea4baee6fbc9292c6d360d8713ce6d8899174715b51f2
contract address: 0x0B7073132A26A73c25Bd892Ed8bCA3EeA36C6958
deployer address: 0x007E71F8F069884d9dc3aa1f8d8E7fc112f37016
gas price: 510000000
gas used: 2224881

******

*** VariableDebtToken ***

Network: alfajores
tx: 0x31e6063faed348735e436772d3847207c3ab7b369ee3c532d2026a8071755be5
contract address: 0xDB70E1A4dee88B090520B84090aB8f50ABD85373
deployer address: 0x007E71F8F069884d9dc3aa1f8d8E7fc112f37016
gas price: 510000000
gas used: 1840919

******

*** AToken ***

Network: alfajores
tx: 0xe9df0758e5d3b1b4538a89085fb5a8d8accd8711de300eafa0b0ad53e231603a
contract address: 0x38cFe809540d1698797179019999D6EE53Df988f
deployer address: 0x007E71F8F069884d9dc3aa1f8d8E7fc112f37016
gas price: 510000000
gas used: 3016552

******

*** DefaultReserveInterestRateStrategy ***

Network: alfajores
tx: 0xdf3971e28d7b82691722c6c4f9fbf58e30e5486d9fd71c0a9184a12e24356129
contract address: 0x57642CcbE2Ef0E7ca27187a5245998C171014B82
deployer address: 0x007E71F8F069884d9dc3aa1f8d8E7fc112f37016
gas price: 510000000
gas used: 1027916

******

Strategy address for asset CELO: 0x57642CcbE2Ef0E7ca27187a5245998C171014B82
*** DefaultReserveInterestRateStrategy ***

Network: alfajores
tx: 0xb08cdc39a779b43694e547ad0aa5eaff094470fd3876f2209891a9cc6c934be7
contract address: 0x751239ac7Ad9Ad85dfB4fa48d2BA1e3e32d7C694
deployer address: 0x007E71F8F069884d9dc3aa1f8d8E7fc112f37016
gas price: 510000000
gas used: 1027916

******

Strategy address for asset CUSD: 0x751239ac7Ad9Ad85dfB4fa48d2BA1e3e32d7C694
Strategy address for asset CEUR: 0x751239ac7Ad9Ad85dfB4fa48d2BA1e3e32d7C694
Strategy address for asset CREAL: 0x751239ac7Ad9Ad85dfB4fa48d2BA1e3e32d7C694
Strategy address for asset MOO: 0x57642CcbE2Ef0E7ca27187a5245998C171014B82
- Reserves initialization in 2 txs
  - Reserve ready for: CELO, CUSD, CEUR, CREAL
    * gasUsed 7684007
  - Reserve ready for: MOO
    * gasUsed 1926636
- Configure reserves in 1 txs
  - Init for: CELO, CUSD, CEUR, CREAL, MOO
*** LendingPoolCollateralManager ***

Network: alfajores
tx: 0x165d49dfde1b1134ae21adb44d1f50ddd506fe05926be32b88646092d87e1171
contract address: 0x63BAd98f27eB3f8243E67b8749Bf72B2A927b607
deployer address: 0x007E71F8F069884d9dc3aa1f8d8E7fc112f37016
gas price: 510000000
gas used: 3082930

******

        Setting lending pool collateral manager implementation with address 0x63BAd98f27eB3f8243E67b8749Bf72B2A927b607
*** WalletBalanceProvider ***

Network: alfajores
tx: 0xeb304a734e4bd3e3d9264684f94b4c4c2709bb66566fb9c664188501ab26f9ef
contract address: 0x26a4d4122AE075772837854C81B36709d6Fd7D91
deployer address: 0x007E71F8F069884d9dc3aa1f8d8E7fc112f37016
gas price: 510000000
gas used: 815266

******


Finished migrations
Contracts deployed at alfajores
---------------------------------
N# Contracts: 23
LendingPoolAddressesProviderRegistry: 0x794b3E3894c9b7f78Eb4841c2F410E072DC545b6
LendingPoolAddressesProvider: 0x8CC1E35A136f2CDBd3c913E413578ae5E3B69bDb
ReserveLogic: 0xbC8026a23610445D61d30d25ED9a3Ef33e0d63Ae
GenericLogic: 0xB469281F1D011e73f65787A842E1f1b2F2E55397
ValidationLogic: 0x8BffD0036ab1B60f7b1D97412eA75EA6D28F869c
LendingPoolImpl: 0x71aB986e18AAbB82C57930Aa226Cc8d78B091B3E
LendingPool: 0x72bB590F79FCbB33cb2588Ded16cF8E3787c6634
LendingPoolConfiguratorImpl: 0x42a2194cB7CbD814cFf49DC216c25F9D2B4559a7
LendingPoolConfigurator: 0xc308716527318c9b100A5d1Dca25B805A39e1b89
StableAndVariableTokensHelper: 0xE6459F1963176aA863BFF2782b3aC0bC1e65D71E
ATokensAndRatesHelper: 0xF371d5fDb18617e5144142965B676b5b0ccEe1F5
LendingRateOracle: 0xbC8391ACa23F54bFe35D6b787dd60295695Cf5aA
AaveProtocolDataProvider: 0x4848C6bF527d4a915c70c7aF7d1AFAd154c2Fbd2
StableDebtToken: 0x0B7073132A26A73c25Bd892Ed8bCA3EeA36C6958
VariableDebtToken: 0xDB70E1A4dee88B090520B84090aB8f50ABD85373
AToken: 0x38cFe809540d1698797179019999D6EE53Df988f
aTokenImpl: 0x38cFe809540d1698797179019999D6EE53Df988f
DefaultReserveInterestRateStrategy: 0x751239ac7Ad9Ad85dfB4fa48d2BA1e3e32d7C694
rateStrategyWETH: 0x57642CcbE2Ef0E7ca27187a5245998C171014B82
rateStrategyStableTwo: 0x751239ac7Ad9Ad85dfB4fa48d2BA1e3e32d7C694
LendingPoolCollateralManagerImpl: 0x63BAd98f27eB3f8243E67b8749Bf72B2A927b607
LendingPoolCollateralManager: 0x63BAd98f27eB3f8243E67b8749Bf72B2A927b607
WalletBalanceProvider: 0x26a4d4122AE075772837854C81B36709d6Fd7D9
